
In toplevel form:
ivy-rich.el:54:1:Warning: defcustom for ‘ivy-rich-display-transformers-list’
    fails to specify type
ivy-rich.el:54:1:Warning: defcustom for ‘ivy-rich-display-transformers-list’
    fails to specify type

In ivy-rich-switch-buffer-root-lookup:
ivy-rich.el:435:22:Warning: ‘project-roots’ is an obsolete function (as of
    0.3.0); use ‘project-root’ instead.

In ivy-rich-switch-buffer-root:
ivy-rich.el:445:17:Warning: reference to free variable
    ‘ivy-rich-project-root-cache-mode’

In ivy-rich-set-display-transformer:
ivy-rich.el:663:15:Warning: ‘ivy-set-display-transformer’ is an obsolete
    function (as of <2020-05-20 Wed>); Use ‘ivy-configure’
    :display-transformer-fn

In end of data:
ivy-rich.el:707:1:Warning: the following functions might not be defined at
    runtime: project-roots, package-version-join
ivy-rich.el:707:1:Warning: the function ‘ffip-project-root’ is not known to be
    defined.
